<?xml version="1.0" encoding="UTF-8"?>
<!-- Generated by org.testng.reporters.JUnitReportReporter -->
<testsuite hostname="DESKTOP-TEM0KPF" failures="0" tests="2" name="FrameWork.FrameWork.ParllelBrowser" time="129.836" errors="0" timestamp="2023-05-13T04:24:47 GMT-07:00" skipped="0">
  <testcase classname="FrameWork.FrameWork.ParllelBrowser" name="Test2" time="49.354"/>
  <system-out/>
  <testcase classname="FrameWork.FrameWork.ParllelBrowser" name="Test1" time="80.482"/>
  <system-out/>
</testsuite> <!-- FrameWork.FrameWork.ParllelBrowser -->
