<?xml version="1.0" encoding="UTF-8"?>
<!-- Generated by org.testng.reporters.JUnitReportReporter -->
<testsuite hostname="DESKTOP-TEM0KPF" failures="0" tests="1" name="FrameWork.FrameWork.Assertion" time="62.304" errors="0" timestamp="2023-05-13T01:07:12 GMT-07:00" skipped="0">
  <testcase classname="FrameWork.FrameWork.Assertion" name="t1" time="62.304"/>
  <system-out/>
</testsuite> <!-- FrameWork.FrameWork.Assertion -->
