<?xml version="1.0" encoding="UTF-8"?>
<!-- Generated by org.testng.reporters.JUnitReportReporter -->
<testsuite hostname="DESKTOP-TEM0KPF" failures="0" tests="2" name="FrameWork.FrameWork.CrossBrowser" time="299.090" errors="0" timestamp="2023-05-13T05:10:22 GMT-07:00" skipped="0">
  <testcase classname="FrameWork.FrameWork.CrossBrowser" name="openURL" time="215.323"/>
  <system-out/>
  <testcase classname="FrameWork.FrameWork.CrossBrowser" name="openURL" time="83.767"/>
  <system-out/>
</testsuite> <!-- FrameWork.FrameWork.CrossBrowser -->
