<?xml version="1.0" encoding="UTF-8"?>
<!-- Generated by org.testng.reporters.JUnitReportReporter -->
<testsuite hostname="DESKTOP-TEM0KPF" failures="0" tests="3" name="FrameWork.FrameWork.FailedTest" time="0.025" errors="0" timestamp="2023-05-12T02:03:43 GMT-07:00" skipped="0">
  <testcase classname="FrameWork.FrameWork.FailedTest" name="t1" time="0.017"/>
  <system-out/>
  <testcase classname="FrameWork.FrameWork.FailedTest" name="t3" time="0.004"/>
  <system-out/>
  <testcase classname="FrameWork.FrameWork.FailedTest" name="t2" time="0.004"/>
  <system-out/>
</testsuite> <!-- FrameWork.FrameWork.FailedTest -->
