<?xml version="1.0" encoding="UTF-8"?>
<!-- Generated by org.testng.reporters.JUnitReportReporter -->
<testsuite hostname="DESKTOP-TEM0KPF" failures="0" tests="2" name="FrameWork.FrameWork.Test2" time="0.019" errors="0" timestamp="2023-05-13T05:01:58 GMT-07:00" skipped="0">
  <testcase classname="FrameWork.FrameWork.Test2" name="t4" time="0.009"/>
  <system-out/>
  <testcase classname="FrameWork.FrameWork.Test2" name="t3" time="0.010"/>
  <system-out/>
</testsuite> <!-- FrameWork.FrameWork.Test2 -->
