<?xml version="1.0" encoding="UTF-8"?>
<!-- Generated by org.testng.reporters.JUnitReportReporter -->
<testsuite hostname="DESKTOP-TEM0KPF" failures="0" tests="2" name="FrameWork.FrameWork.ParametersTag" time="0.032" errors="0" timestamp="2023-05-11T22:39:15 GMT-07:00" skipped="0">
  <testcase classname="FrameWork.FrameWork.ParametersTag" name="add" time="0.026"/>
  <system-out/>
  <testcase classname="FrameWork.FrameWork.ParametersTag" name="sub" time="0.006"/>
  <system-out/>
</testsuite> <!-- FrameWork.FrameWork.ParametersTag -->
