<?xml version="1.0" encoding="UTF-8"?>
<!-- Generated by org.testng.reporters.JUnitReportReporter -->
<testsuite hostname="DESKTOP-TEM0KPF" failures="0" tests="2" name="FrameWork.FrameWork.Groups" time="0.047" errors="0" timestamp="2023-05-13T23:32:37 GMT-07:00" skipped="0">
  <testcase classname="FrameWork.FrameWork.Groups" name="sanity1" time="0.043"/>
  <system-out/>
  <testcase classname="FrameWork.FrameWork.Groups" name="sanity2" time="0.004"/>
  <system-out/>
</testsuite> <!-- FrameWork.FrameWork.Groups -->
