<?xml version="1.0" encoding="UTF-8"?>
<!-- Generated by org.testng.reporters.JUnitReportReporter -->
<testsuite hostname="DESKTOP-TEM0KPF" failures="0" tests="2" name="FrameWork.FrameWork.Keywords" time="0.020" errors="0" timestamp="2023-05-11T22:02:51 GMT-07:00" skipped="0">
  <testcase classname="FrameWork.FrameWork.Keywords" name="t4" time="0.018"/>
  <system-out/>
  <testcase classname="FrameWork.FrameWork.Keywords" name="t3" time="0.002"/>
  <system-out/>
</testsuite> <!-- FrameWork.FrameWork.Keywords -->
