<?xml version="1.0" encoding="UTF-8"?>
<!-- Generated by org.testng.reporters.JUnitReportReporter -->
<testsuite hostname="DESKTOP-TEM0KPF" failures="0" tests="2" name="FrameWork.FrameWork.Test1" time="0.032" errors="0" timestamp="2023-05-13T05:01:58 GMT-07:00" skipped="0">
  <testcase classname="FrameWork.FrameWork.Test1" name="t1" time="0.029"/>
  <system-out/>
  <testcase classname="FrameWork.FrameWork.Test1" name="t2" time="0.003"/>
  <system-out/>
</testsuite> <!-- FrameWork.FrameWork.Test1 -->
