<?xml version="1.0" encoding="UTF-8"?>
<!-- Generated by org.testng.reporters.JUnitReportReporter -->
<testsuite hostname="DESKTOP-TEM0KPF" failures="0" tests="4" name="FrameWork.FrameWork.Test3" time="0.110" errors="0" timestamp="2023-05-11T23:44:59 GMT-07:00" skipped="0">
  <testcase classname="FrameWork.FrameWork.Test3" name="loginData" time="0.003"/>
  <system-out/>
  <testcase classname="FrameWork.FrameWork.Test3" name="loginData" time="0.100"/>
  <system-out/>
  <testcase classname="FrameWork.FrameWork.Test3" name="loginData" time="0.004"/>
  <system-out/>
  <testcase classname="FrameWork.FrameWork.Test3" name="loginData" time="0.003"/>
  <system-out/>
</testsuite> <!-- FrameWork.FrameWork.Test3 -->
