<?xml version="1.0" encoding="UTF-8"?>
<!-- Generated by org.testng.reporters.JUnitReportReporter -->
<testsuite hostname="DESKTOP-TEM0KPF" failures="0" tests="1" name="FrameWork.FrameWork.BeforeAfter" time="0.023" errors="0" timestamp="2023-05-11T21:26:30 GMT-07:00" skipped="0">
  <testcase classname="FrameWork.FrameWork.BeforeAfter" name="Test" time="0.023"/>
  <system-out/>
</testsuite> <!-- FrameWork.FrameWork.BeforeAfter -->
